Determining if the pthread_create exist failed with the following output:
Change Dir: /home/blid/dev/cpc-wrapper/build/CMakeFiles/CMakeTmp

Run Build Command:"/usr/bin/make" "cmTC_cbfe7/fast"
/usr/bin/make -f CMakeFiles/cmTC_cbfe7.dir/build.make CMakeFiles/cmTC_cbfe7.dir/build
make[1]: Entering directory '/home/blid/dev/cpc-wrapper/build/CMakeFiles/CMakeTmp'
Building C object CMakeFiles/cmTC_cbfe7.dir/CheckSymbolExists.c.o
/usr/bin/cc     -o CMakeFiles/cmTC_cbfe7.dir/CheckSymbolExists.c.o   -c /home/blid/dev/cpc-wrapper/build/CMakeFiles/CMakeTmp/CheckSymbolExists.c
Linking C executable cmTC_cbfe7
/usr/bin/cmake -E cmake_link_script CMakeFiles/cmTC_cbfe7.dir/link.txt --verbose=1
/usr/bin/cc       CMakeFiles/cmTC_cbfe7.dir/CheckSymbolExists.c.o  -o cmTC_cbfe7 -rdynamic 
CMakeFiles/cmTC_cbfe7.dir/CheckSymbolExists.c.o: In function `main':
CheckSymbolExists.c:(.text+0xa): undefined reference to `pthread_create'
collect2: error: ld returned 1 exit status
CMakeFiles/cmTC_cbfe7.dir/build.make:97: recipe for target 'cmTC_cbfe7' failed
make[1]: *** [cmTC_cbfe7] Error 1
make[1]: Leaving directory '/home/blid/dev/cpc-wrapper/build/CMakeFiles/CMakeTmp'
Makefile:126: recipe for target 'cmTC_cbfe7/fast' failed
make: *** [cmTC_cbfe7/fast] Error 2

File /home/blid/dev/cpc-wrapper/build/CMakeFiles/CMakeTmp/CheckSymbolExists.c:
/* */
#include <pthread.h>

int main(int argc, char** argv)
{
  (void)argv;
#ifndef pthread_create
  return ((int*)(&pthread_create))[argc];
#else
  (void)argc;
  return 0;
#endif
}

Determining if the function pthread_create exists in the pthreads failed with the following output:
Change Dir: /home/blid/dev/cpc-wrapper/build/CMakeFiles/CMakeTmp

Run Build Command:"/usr/bin/make" "cmTC_da762/fast"
/usr/bin/make -f CMakeFiles/cmTC_da762.dir/build.make CMakeFiles/cmTC_da762.dir/build
make[1]: Entering directory '/home/blid/dev/cpc-wrapper/build/CMakeFiles/CMakeTmp'
Building C object CMakeFiles/cmTC_da762.dir/CheckFunctionExists.c.o
/usr/bin/cc    -DCHECK_FUNCTION_EXISTS=pthread_create   -o CMakeFiles/cmTC_da762.dir/CheckFunctionExists.c.o   -c /usr/share/cmake-3.7/Modules/CheckFunctionExists.c
Linking C executable cmTC_da762
/usr/bin/cmake -E cmake_link_script CMakeFiles/cmTC_da762.dir/link.txt --verbose=1
/usr/bin/cc   -DCHECK_FUNCTION_EXISTS=pthread_create    CMakeFiles/cmTC_da762.dir/CheckFunctionExists.c.o  -o cmTC_da762 -rdynamic -lpthreads 
/usr/bin/ld: cannot find -lpthreads
collect2: error: ld returned 1 exit status
CMakeFiles/cmTC_da762.dir/build.make:97: recipe for target 'cmTC_da762' failed
make[1]: *** [cmTC_da762] Error 1
make[1]: Leaving directory '/home/blid/dev/cpc-wrapper/build/CMakeFiles/CMakeTmp'
Makefile:126: recipe for target 'cmTC_da762/fast' failed
make: *** [cmTC_da762/fast] Error 2


Performing C++ SOURCE FILE Test HAS_MAKE_UNIQUE failed with the following output:
Change Dir: /home/blid/dev/cpc-wrapper/build/CMakeFiles/CMakeTmp

Run Build Command:"/usr/bin/make" "cmTC_f8ce8/fast"
/usr/bin/make -f CMakeFiles/cmTC_f8ce8.dir/build.make CMakeFiles/cmTC_f8ce8.dir/build
make[1]: Entering directory '/home/blid/dev/cpc-wrapper/build/CMakeFiles/CMakeTmp'
Building CXX object CMakeFiles/cmTC_f8ce8.dir/src.cxx.o
/usr/bin/c++     -std=c++11 -DHAS_MAKE_UNIQUE   -o CMakeFiles/cmTC_f8ce8.dir/src.cxx.o -c /home/blid/dev/cpc-wrapper/build/CMakeFiles/CMakeTmp/src.cxx
/home/blid/dev/cpc-wrapper/build/CMakeFiles/CMakeTmp/src.cxx: In function ‘int main()’:
/home/blid/dev/cpc-wrapper/build/CMakeFiles/CMakeTmp/src.cxx:3:41: error: ‘make_unique’ is not a member of ‘std’
 int main() { std::unique_ptr<int> foo = std::make_unique<int>(4); }
                                         ^~~
/home/blid/dev/cpc-wrapper/build/CMakeFiles/CMakeTmp/src.cxx:3:58: error: expected primary-expression before ‘int’
 int main() { std::unique_ptr<int> foo = std::make_unique<int>(4); }
                                                          ^~~
CMakeFiles/cmTC_f8ce8.dir/build.make:65: recipe for target 'CMakeFiles/cmTC_f8ce8.dir/src.cxx.o' failed
make[1]: *** [CMakeFiles/cmTC_f8ce8.dir/src.cxx.o] Error 1
make[1]: Leaving directory '/home/blid/dev/cpc-wrapper/build/CMakeFiles/CMakeTmp'
Makefile:126: recipe for target 'cmTC_f8ce8/fast' failed
make: *** [cmTC_f8ce8/fast] Error 2

Source file was:

#include <memory>
int main() { std::unique_ptr<int> foo = std::make_unique<int>(4); }

Performing C++ SOURCE FILE Test HAS_ROBUST_NONMODIFYING_SEQ_OPS failed with the following output:
Change Dir: /home/blid/dev/cpc-wrapper/build/CMakeFiles/CMakeTmp

Run Build Command:"/usr/bin/make" "cmTC_13958/fast"
/usr/bin/make -f CMakeFiles/cmTC_13958.dir/build.make CMakeFiles/cmTC_13958.dir/build
make[1]: Entering directory '/home/blid/dev/cpc-wrapper/build/CMakeFiles/CMakeTmp'
Building CXX object CMakeFiles/cmTC_13958.dir/src.cxx.o
/usr/bin/c++     -std=c++11 -DHAS_ROBUST_NONMODIFYING_SEQ_OPS   -o CMakeFiles/cmTC_13958.dir/src.cxx.o -c /home/blid/dev/cpc-wrapper/build/CMakeFiles/CMakeTmp/src.cxx
In file included from /usr/include/c++/6/algorithm:61:0,
                 from /home/blid/dev/cpc-wrapper/build/CMakeFiles/CMakeTmp/src.cxx:2:
/usr/include/c++/6/bits/stl_algobase.h: In instantiation of ‘bool std::equal(_IIter1, _IIter1, _IIter2, _BinaryPredicate) [with _IIter1 = const char*; _IIter2 = const char*; _BinaryPredicate = const char*]’:
/home/blid/dev/cpc-wrapper/build/CMakeFiles/CMakeTmp/src.cxx:7:55:   required from here
/usr/include/c++/6/bits/stl_algobase.h:1082:25: error: ‘__binary_pred’ cannot be used as a function
  if (!bool(__binary_pred(*__first1, *__first2)))
            ~~~~~~~~~~~~~^~~~~~~~~~~~~~~~~~~~~~
CMakeFiles/cmTC_13958.dir/build.make:65: recipe for target 'CMakeFiles/cmTC_13958.dir/src.cxx.o' failed
make[1]: *** [CMakeFiles/cmTC_13958.dir/src.cxx.o] Error 1
make[1]: Leaving directory '/home/blid/dev/cpc-wrapper/build/CMakeFiles/CMakeTmp'
Makefile:126: recipe for target 'cmTC_13958/fast' failed
make: *** [cmTC_13958/fast] Error 2

Source file was:

#include <algorithm>
#include <cstring>
static const char source[] = "foo";
static const char dest[] = "bar";
int main() { std::equal(source, source + std::strlen(source),
                        dest, dest + std::strlen(dest)); }

Performing C++ SOURCE FILE Test HAS_EXPLICIT_SPECIFIER failed with the following output:
Change Dir: /home/blid/dev/cpc-wrapper/build/CMakeFiles/CMakeTmp

Run Build Command:"/usr/bin/make" "cmTC_e8831/fast"
/usr/bin/make -f CMakeFiles/cmTC_e8831.dir/build.make CMakeFiles/cmTC_e8831.dir/build
make[1]: Entering directory '/home/blid/dev/cpc-wrapper/build/CMakeFiles/CMakeTmp'
Building CXX object CMakeFiles/cmTC_e8831.dir/src.cxx.o
/usr/bin/c++     -std=c++11 -DHAS_EXPLICIT_SPECIFIER   -o CMakeFiles/cmTC_e8831.dir/src.cxx.o -c /home/blid/dev/cpc-wrapper/build/CMakeFiles/CMakeTmp/src.cxx
/home/blid/dev/cpc-wrapper/build/CMakeFiles/CMakeTmp/src.cxx:2:1: error: ‘explicit’ can only be specified for constructors
 explicit struct Fu {  };
 ^~~~~~~~
CMakeFiles/cmTC_e8831.dir/build.make:65: recipe for target 'CMakeFiles/cmTC_e8831.dir/src.cxx.o' failed
make[1]: *** [CMakeFiles/cmTC_e8831.dir/src.cxx.o] Error 1
make[1]: Leaving directory '/home/blid/dev/cpc-wrapper/build/CMakeFiles/CMakeTmp'
Makefile:126: recipe for target 'cmTC_e8831/fast' failed
make: *** [cmTC_e8831/fast] Error 2

Source file was:

explicit struct Fu {  };
int main() { }

